Arguments: 
  D:\App\NodeJs\node.exe C:\Program Files (x86)\Yarn\bin\yarn.js

PATH: 
  C:\Program Files (x86)\Razer\ChromaBroadcast\bin;C:\Program Files\Razer\ChromaBroadcast\bin;C:\Program Files (x86)\Razer Chroma SDK\bin;C:\Program Files\Razer Chroma SDK\bin;C:\Program Files (x86)\Intel\Intel(R) Management Engine Components\iCLS\;C:\Program Files\Intel\Intel(R) Management Engine Components\iCLS\;C:\Windows\system32;C:\Windows;C:\Windows\System32\Wbem;C:\Windows\System32\WindowsPowerShell\v1.0\;C:\Windows\System32\OpenSSH\;C:\Program Files (x86)\Intel\Intel(R) Management Engine Components\DAL;C:\Program Files\Intel\Intel(R) Management Engine Components\DAL;C:\Program Files (x86)\Intel\Intel(R) Management Engine Components\IPT;C:\Program Files\Intel\Intel(R) Management Engine Components\IPT;C:\Program Files (x86)\NVIDIA Corporation\PhysX\Common;C:\Program Files\NVIDIA Corporation\NVIDIA NvDLISR;D:\App\NodeJs\;C:\WINDOWS\system32;C:\WINDOWS;C:\WINDOWS\System32\Wbem;C:\WINDOWS\System32\WindowsPowerShell\v1.0\;C:\WINDOWS\System32\OpenSSH\;C:\WINDOWS\system32\config\systemprofile\AppData\Local\Microsoft\WindowsApps;C:\Program Files (x86)\Yarn\bin\;C:\Users\dwron\AppData\Local\Microsoft\WindowsApps;;C:\Users\dwron\AppData\Roaming\npm;D:\Users\dwron\AppData\Local\Programs\Microsoft VS Code\bin;C:\Users\dwron\AppData\Local\Yarn\bin

Yarn version: 
  1.16.0

Node version: 
  10.14.1

Platform: 
  win32 x64

Trace: 
  Error: EPERM: operation not permitted, unlink 'D:\JavaScript\apod-app\node_modules\.cache\@babel\register'

npm manifest: 
  {
    "main": "node_modules/expo/AppEntry.js",
    "scripts": {
      "start": "expo start",
      "android": "expo start --android",
      "ios": "expo start --ios",
      "eject": "expo eject"
    },
    "dependencies": {
      "@expo/vector-icons": "^10.0.1",
      "axios": "^0.18.0",
      "dotenv": "^8.0.0",
      "expo": "^32.0.6",
      "firebase": "^6.0.1",
      "metro-react-native-babel-preset": "^0.54.0",
      "react": "16.5.0",
      "react-native": "https://github.com/expo/react-native/archive/sdk-32.0.0.tar.gz",
      "react-native-axios": "^0.17.1",
      "react-native-camera": "^2.8.0",
      "react-native-paper": "^2.15.2",
      "react-navigation": "^3.9.1",
      "react-navigation-material-bottom-tabs": "^1.0.0"
    },
    "devDependencies": {
      "babel-preset-expo": "^5.0.0",
      "react-native-dotenv": "^0.2.0"
    },
    "private": true
  }

yarn manifest: 
  No manifest

Lockfile: 
  No lockfile
